<?xml version="1.0" encoding="UTF-8"?>
<!-- Generated by org.testng.reporters.JUnitXMLReporter -->
<testsuite ignored="1" hostname="DESKTOP-GC5HGKU" failures="0" tests="2" name="Test(failed)(failed)" time="0.09" errors="0" timestamp="2022-11-25T11:44:09 IST">
  <testcase classname="All_test_classes.demo1" name="TC2" time="0.021"/>
  <testcase classname="All_test_classes.demo1" name="TC1" time="0.004"/>
  <testcase classname="All_test_classes.demo1" name="TC3" time="0.0">
    <ignored/>
  </testcase> <!-- TC3 -->
</testsuite> <!-- Test(failed)(failed) -->
