<?xml version="1.0" encoding="UTF-8"?>
<testng-results ignored="1" total="3" passed="2" failed="0" skipped="0">
  <reporter-output>
    <line>
      <![CDATA[running test case1]]>
    </line>
    <line>
      <![CDATA[running test case2]]>
    </line>
  </reporter-output>
  <suite started-at="2022-11-25T12:12:05 IST" name="Suite" finished-at="2022-11-25T12:12:05 IST" duration-ms="96">
    <groups>
      <group name="login">
        <method signature="demo1.TC1()[pri:0, instance:All_test_classes.demo1@7bab3f1a]" name="TC1" class="All_test_classes.demo1"/>
        <method signature="demo1.TC2()[pri:0, instance:All_test_classes.demo1@7bab3f1a]" name="TC2" class="All_test_classes.demo1"/>
      </group> <!-- login -->
    </groups>
    <test started-at="2022-11-25T12:12:05 IST" name="Test" finished-at="2022-11-25T12:12:05 IST" duration-ms="96">
      <class name="All_test_classes.demo1">
        <test-method signature="TC1()[pri:0, instance:All_test_classes.demo1@7bab3f1a]" started-at="2022-11-25T12:12:05 IST" name="TC1" finished-at="2022-11-25T12:12:05 IST" duration-ms="17" status="PASS">
          <reporter-output>
            <line>
              <![CDATA[running test case1]]>
            </line>
          </reporter-output>
        </test-method> <!-- TC1 -->
        <test-method signature="TC2()[pri:0, instance:All_test_classes.demo1@7bab3f1a]" started-at="2022-11-25T12:12:05 IST" name="TC2" finished-at="2022-11-25T12:12:05 IST" duration-ms="2" status="PASS">
          <reporter-output>
            <line>
              <![CDATA[running test case2]]>
            </line>
          </reporter-output>
        </test-method> <!-- TC2 -->
      </class> <!-- All_test_classes.demo1 -->
    </test> <!-- Test -->
  </suite> <!-- Suite -->
</testng-results>
