<?xml version="1.0" encoding="UTF-8"?>
<!-- Generated by org.testng.reporters.JUnitXMLReporter -->
<testsuite ignored="0" hostname="DESKTOP-GC5HGKU" failures="0" tests="3" name="Test3" time="0.048" errors="0" timestamp="2022-11-25T12:06:09 IST">
  <testcase classname="All_test_classes.demo3$demo1" name="TC7" time="0.003"/>
  <testcase classname="All_test_classes.demo3$demo1" name="TC8" time="0.009"/>
  <testcase classname="All_test_classes.demo3$demo1" name="TC9" time="0.005"/>
</testsuite> <!-- Test3 -->
