<?xml version="1.0" encoding="UTF-8"?>
<!-- Generated by org.testng.reporters.JUnitXMLReporter -->
<testsuite ignored="1" hostname="DESKTOP-GC5HGKU" failures="0" tests="2" name="Test" time="0.096" errors="0" timestamp="2022-11-25T12:12:05 IST">
  <testcase classname="All_test_classes.demo1" name="TC1" time="0.017"/>
  <testcase classname="All_test_classes.demo1" name="TC2" time="0.002"/>
  <testcase classname="All_test_classes.demo1" name="TC3" time="0.0">
    <ignored/>
  </testcase> <!-- TC3 -->
</testsuite> <!-- Test -->
