<?xml version="1.0" encoding="UTF-8"?>
<!-- Generated by org.testng.reporters.JUnitXMLReporter -->
<testsuite ignored="0" hostname="DESKTOP-GC5HGKU" failures="0" tests="3" name="Test2" time="0.029" errors="0" timestamp="2022-11-25T12:06:09 IST">
  <testcase classname="All_test_classes.demo2$demo1" name="TC4" time="0.003"/>
  <testcase classname="All_test_classes.demo2$demo1" name="TC5" time="0.003"/>
  <testcase classname="All_test_classes.demo2$demo1" name="TC6" time="0.002"/>
</testsuite> <!-- Test2 -->
